<?xml version="1.0" encoding="UTF-8"?>
<testsuite xmlns:xsi="http://www.w3.org/2001/XMLSchema-instance" xsi:noNamespaceSchemaLocation="https://maven.apache.org/surefire/maven-surefire-plugin/xsd/surefire-test-report-3.0.xsd" version="3.0" name="com.example.hostelapi.service.ReservaServiceTest" time="4.192" tests="9" errors="0" skipped="0" failures="0">
  <properties>
[...]
</properties>
  <testcase name="testTryUpdateReserva_ObjectNotFoundException" classname="com.example.hostelapi.service.ReservaServiceTest" time="0.075">
    <system-out><![CDATA[21:43:49.087 [main] INFO org.springframework.test.context.support.AnnotationConfigContextLoaderUtils -- Could not detect default configuration classes for test class [com.example.hostelapi.service.ReservaServiceTest]: ReservaServiceTest does not declare any static, non-private, non-final, nested classes annotated with @Configuration.
21:43:49.170 [main] INFO org.springframework.boot.test.context.SpringBootTestContextBootstrapper -- Found @SpringBootConfiguration com.example.hostelapi.HostelApiApplication for test class com.example.hostelapi.service.ReservaServiceTest

  .   ____          _            __ _ _
 /\\ / ___'_ __ _ _(_)_ __  __ _ \ \ \ \
( ( )\___ | '_ | '_| | '_ \/ _` | \ \ \ \
 \\/  ___)| |_)| | | | | || (_| |  ) ) ) )
  '  |____| .__|_| |_|_| |_\__, | / / / /
 =========|_|==============|___/=/_/_/_/
 :: Spring Boot ::                (v3.1.2)

2023-08-06T21:43:49.521-03:00  INFO 32711 --- [           main] c.e.h.service.ReservaServiceTest         : Starting ReservaServiceTest using Java 17 with PID 32711 (started by welitonlima in /home/welitonlima/Documentos/hostel-api)
2023-08-06T21:43:49.522-03:00  INFO 32711 --- [           main] c.e.h.service.ReservaServiceTest         : The following 1 profile is active: "test"
2023-08-06T21:43:50.062-03:00  INFO 32711 --- [           main] .s.d.r.c.RepositoryConfigurationDelegate : Bootstrapping Spring Data JPA repositories in DEFAULT mode.
2023-08-06T21:43:50.110-03:00  INFO 32711 --- [           main] .s.d.r.c.RepositoryConfigurationDelegate : Finished Spring Data repository scanning in 40 ms. Found 1 JPA repository interfaces.
2023-08-06T21:43:50.475-03:00  INFO 32711 --- [           main] o.hibernate.jpa.internal.util.LogHelper  : HHH000204: Processing PersistenceUnitInfo [name: default]
2023-08-06T21:43:50.580-03:00  INFO 32711 --- [           main] org.hibernate.Version                    : HHH000412: Hibernate ORM core version 6.2.6.Final
2023-08-06T21:43:50.583-03:00  INFO 32711 --- [           main] org.hibernate.cfg.Environment            : HHH000406: Using bytecode reflection optimizer
2023-08-06T21:43:50.718-03:00  INFO 32711 --- [           main] o.h.b.i.BytecodeProviderInitiator        : HHH000021: Bytecode provider name : bytebuddy
2023-08-06T21:43:50.837-03:00  INFO 32711 --- [           main] o.s.o.j.p.SpringPersistenceUnitInfo      : No LoadTimeWeaver setup: ignoring JPA class transformer
2023-08-06T21:43:50.853-03:00  INFO 32711 --- [           main] com.zaxxer.hikari.HikariDataSource       : HikariPool-1 - Starting...
2023-08-06T21:43:51.046-03:00  INFO 32711 --- [           main] com.zaxxer.hikari.pool.HikariPool        : HikariPool-1 - Added connection conn0: url=jdbc:h2:~/hostel user=SA
2023-08-06T21:43:51.048-03:00  INFO 32711 --- [           main] com.zaxxer.hikari.HikariDataSource       : HikariPool-1 - Start completed.
2023-08-06T21:43:51.234-03:00  INFO 32711 --- [           main] o.h.b.i.BytecodeProviderInitiator        : HHH000021: Bytecode provider name : bytebuddy
2023-08-06T21:43:51.658-03:00  INFO 32711 --- [           main] o.h.e.t.j.p.i.JtaPlatformInitiator       : HHH000490: Using JtaPlatform implementation: [org.hibernate.engine.transaction.jta.platform.internal.NoJtaPlatform]
Hibernate: 
    drop table if exists reserva cascade 
Hibernate: 
    create table reserva (
        data_fim date,
        data_inicio date,
        id integer generated by default as identity,
        quantidade_pessoas integer,
        nome_hospede varchar(255),
        status varchar(255),
        primary key (id)
    )
2023-08-06T21:43:51.684-03:00  INFO 32711 --- [           main] j.LocalContainerEntityManagerFactoryBean : Initialized JPA EntityManagerFactory for persistence unit 'default'
2023-08-06T21:43:52.001-03:00  WARN 32711 --- [           main] JpaBaseConfiguration$JpaWebConfiguration : spring.jpa.open-in-view is enabled by default. Therefore, database queries may be performed during view rendering. Explicitly configure spring.jpa.open-in-view to disable this warning
2023-08-06T21:43:52.300-03:00  INFO 32711 --- [           main] c.e.h.service.ReservaServiceTest         : Started ReservaServiceTest in 3.023 seconds (process running for 3.862)
]]></system-out>
  </testcase>
  <testcase name="testGetAllReservas" classname="com.example.hostelapi.service.ReservaServiceTest" time="0.008"/>
  <testcase name="testCancelarReserva" classname="com.example.hostelapi.service.ReservaServiceTest" time="0.008"/>
  <testcase name="testTryGetReservaById_ObjectNotFoundException" classname="com.example.hostelapi.service.ReservaServiceTest" time="0.005"/>
  <testcase name="testGetReservaById" classname="com.example.hostelapi.service.ReservaServiceTest" time="0.005"/>
  <testcase name="testCreateReserva" classname="com.example.hostelapi.service.ReservaServiceTest" time="0.006"/>
  <testcase name="testUpdateReserva" classname="com.example.hostelapi.service.ReservaServiceTest" time="0.004"/>
  <testcase name="testTryCreateReserva_InvalidDataException" classname="com.example.hostelapi.service.ReservaServiceTest" time="0.004"/>
  <testcase name="testTryCancelarReserva_ObjectNotFoundException" classname="com.example.hostelapi.service.ReservaServiceTest" time="0.004"/>
</testsuite>